<?xml version="1.0" encoding="UTF-8"?>
<testng-results skipped="0" failed="0" total="0" passed="0">
  <reporter-output>
  </reporter-output>
  <suite name="com.czeczotka.bdd.runner.RunCalculatorTest" duration-ms="2" started-at="2017-04-17T15:08:15Z" finished-at="2017-04-17T15:08:15Z">
    <groups>
    </groups>
    <test name="Command line test" duration-ms="2" started-at="2017-04-17T15:08:15Z" finished-at="2017-04-17T15:08:15Z">
    </test> <!-- Command line test -->
  </suite> <!-- com.czeczotka.bdd.runner.RunCalculatorTest -->
</testng-results>
